{"/Users/kwanchaisensri/Documents/shabu/shabu.ts": {"path":"/Users/kwanchaisensri/Documents/shabu/shabu.ts","statementMap":{"0":{"start":{"line":2,"column":2},"end":{"line":18,"column":null}},"1":{"start":{"line":3,"column":21},"end":{"line":3,"column":29}},"2":{"start":{"line":4,"column":6},"end":{"line":4,"column":26}},"3":{"start":{"line":5,"column":20},"end":{"line":5,"column":39}},"4":{"start":{"line":6,"column":6},"end":{"line":6,"column":25}},"5":{"start":{"line":7,"column":28},"end":{"line":7,"column":51}},"6":{"start":{"line":8,"column":6},"end":{"line":8,"column":33}},"7":{"start":{"line":9,"column":18},"end":{"line":9,"column":37}},"8":{"start":{"line":10,"column":6},"end":{"line":10,"column":null}},"9":{"start":{"line":12,"column":21},"end":{"line":12,"column":31}},"10":{"start":{"line":13,"column":28},"end":{"line":13,"column":42}},"11":{"start":{"line":14,"column":6},"end":{"line":14,"column":25}},"12":{"start":{"line":15,"column":6},"end":{"line":15,"column":33}},"13":{"start":{"line":16,"column":18},"end":{"line":16,"column":37}},"14":{"start":{"line":17,"column":6},"end":{"line":17,"column":null}},"15":{"start":{"line":1,"column":0},"end":{"line":1,"column":16}}},"fnMap":{"0":{"name":"Shabu","decl":{"start":{"line":1,"column":16},"end":{"line":1,"column":21}},"loc":{"start":{"line":1,"column":37},"end":{"line":19,"column":1}}}},"branchMap":{"0":{"loc":{"start":{"line":2,"column":2},"end":{"line":18,"column":null}},"type":"if","locations":[{"start":{"line":2,"column":2},"end":{"line":18,"column":null}},{"start":{"line":11,"column":7},"end":{"line":18,"column":null}}]}},"s":{"0":8,"1":2,"2":2,"3":2,"4":2,"5":2,"6":2,"7":2,"8":2,"9":6,"10":6,"11":6,"12":6,"13":6,"14":6,"15":1},"f":{"0":8},"b":{"0":[2,6]}}
}
